nohup: ignoring input

  .   ____          _            __ _ _
 /\\ / ___'_ __ _ _(_)_ __  __ _ \ \ \ \
( ( )\___ | '_ | '_| | '_ \/ _` | \ \ \ \
 \\/  ___)| |_)| | | | | || (_| |  ) ) ) )
  '  |____| .__|_| |_|_| |_\__, | / / / /
 =========|_|==============|___/=/_/_/_/

 :: Spring Boot ::                (v3.5.7)

2025-11-16T21:56:53.869+05:30  INFO 12458 --- [           main] t.g.rating_app.RatingAppApplication      : Starting RatingAppApplication v0.0.1-SNAPSHOT using Java 17.0.16 with PID 12458 (/home/rathivaibhav/Downloads/rating-app/target/rating-app-0.0.1-SNAPSHOT.jar started by rathivaibhav in /home/rathivaibhav/Downloads/rating-app)
2025-11-16T21:56:53.871+05:30  INFO 12458 --- [           main] t.g.rating_app.RatingAppApplication      : No active profile set, falling back to 1 default profile: "default"
2025-11-16T21:56:54.668+05:30  INFO 12458 --- [           main] .s.d.r.c.RepositoryConfigurationDelegate : Bootstrapping Spring Data JPA repositories in DEFAULT mode.
2025-11-16T21:56:54.717+05:30  INFO 12458 --- [           main] .s.d.r.c.RepositoryConfigurationDelegate : Finished Spring Data repository scanning in 39 ms. Found 4 JPA repository interfaces.
2025-11-16T21:56:55.159+05:30  INFO 12458 --- [           main] o.s.b.w.embedded.tomcat.TomcatWebServer  : Tomcat initialized with port 8080 (http)
2025-11-16T21:56:55.169+05:30  INFO 12458 --- [           main] o.apache.catalina.core.StandardService   : Starting service [Tomcat]
2025-11-16T21:56:55.169+05:30  INFO 12458 --- [           main] o.apache.catalina.core.StandardEngine    : Starting Servlet engine: [Apache Tomcat/10.1.48]
2025-11-16T21:56:55.190+05:30  INFO 12458 --- [           main] o.a.c.c.C.[Tomcat].[localhost].[/]       : Initializing Spring embedded WebApplicationContext
2025-11-16T21:56:55.191+05:30  INFO 12458 --- [           main] w.s.c.ServletWebServerApplicationContext : Root WebApplicationContext: initialization completed in 1286 ms
2025-11-16T21:56:55.454+05:30  INFO 12458 --- [           main] o.hibernate.jpa.internal.util.LogHelper  : HHH000204: Processing PersistenceUnitInfo [name: default]
2025-11-16T21:56:55.495+05:30  INFO 12458 --- [           main] org.hibernate.Version                    : HHH000412: Hibernate ORM core version 6.6.33.Final
2025-11-16T21:56:55.525+05:30  INFO 12458 --- [           main] o.h.c.internal.RegionFactoryInitiator    : HHH000026: Second-level cache disabled
2025-11-16T21:56:55.724+05:30  INFO 12458 --- [           main] o.s.o.j.p.SpringPersistenceUnitInfo      : No LoadTimeWeaver setup: ignoring JPA class transformer
2025-11-16T21:56:55.748+05:30  INFO 12458 --- [           main] com.zaxxer.hikari.HikariDataSource       : HikariPool-1 - Starting...
2025-11-16T21:56:55.992+05:30  INFO 12458 --- [           main] com.zaxxer.hikari.pool.HikariPool        : HikariPool-1 - Added connection org.postgresql.jdbc.PgConnection@77a85e76
2025-11-16T21:56:55.994+05:30  INFO 12458 --- [           main] com.zaxxer.hikari.HikariDataSource       : HikariPool-1 - Start completed.
2025-11-16T21:56:56.050+05:30  INFO 12458 --- [           main] org.hibernate.orm.connections.pooling    : HHH10001005: Database info:
	Database JDBC URL [Connecting through datasource 'HikariDataSource (HikariPool-1)']
	Database driver: undefined/unknown
	Database version: 17.6
	Autocommit mode: undefined/unknown
	Isolation level: undefined/unknown
	Minimum pool size: undefined/unknown
	Maximum pool size: undefined/unknown
2025-11-16T21:56:56.798+05:30  INFO 12458 --- [           main] o.h.e.t.j.p.i.JtaPlatformInitiator       : HHH000489: No JTA platform available (set 'hibernate.transaction.jta.platform' to enable JTA platform integration)
2025-11-16T21:56:56.880+05:30  INFO 12458 --- [           main] j.LocalContainerEntityManagerFactoryBean : Initialized JPA EntityManagerFactory for persistence unit 'default'
2025-11-16T21:56:57.215+05:30  INFO 12458 --- [           main] o.s.d.j.r.query.QueryEnhancerFactory     : Hibernate is in classpath; If applicable, HQL parser will be used.
2025-11-16T21:56:57.611+05:30  WARN 12458 --- [           main] JpaBaseConfiguration$JpaWebConfiguration : spring.jpa.open-in-view is enabled by default. Therefore, database queries may be performed during view rendering. Explicitly configure spring.jpa.open-in-view to disable this warning
2025-11-16T21:56:57.651+05:30  INFO 12458 --- [           main] r$InitializeUserDetailsManagerConfigurer : Global AuthenticationManager configured with UserDetailsService bean with name appUserDetailsService
2025-11-16T21:56:57.916+05:30  INFO 12458 --- [           main] o.s.b.a.e.web.EndpointLinksResolver      : Exposing 5 endpoints beneath base path '/actuator'
2025-11-16T21:56:58.205+05:30  WARN 12458 --- [           main] ConfigServletWebServerApplicationContext : Exception encountered during context initialization - cancelling refresh attempt: org.springframework.context.ApplicationContextException: Failed to start bean 'webServerStartStop'
2025-11-16T21:56:58.208+05:30  INFO 12458 --- [           main] j.LocalContainerEntityManagerFactoryBean : Closing JPA EntityManagerFactory for persistence unit 'default'
2025-11-16T21:56:58.210+05:30  INFO 12458 --- [           main] com.zaxxer.hikari.HikariDataSource       : HikariPool-1 - Shutdown initiated...
2025-11-16T21:56:58.215+05:30  INFO 12458 --- [           main] com.zaxxer.hikari.HikariDataSource       : HikariPool-1 - Shutdown completed.
2025-11-16T21:56:58.233+05:30  INFO 12458 --- [           main] .s.b.a.l.ConditionEvaluationReportLogger : 

Error starting ApplicationContext. To display the condition evaluation report re-run your application with 'debug' enabled.
2025-11-16T21:56:58.245+05:30 ERROR 12458 --- [           main] o.s.b.d.LoggingFailureAnalysisReporter   : 

***************************
APPLICATION FAILED TO START
***************************

Description:

Web server failed to start. Port 8080 was already in use.

Action:

Identify and stop the process that's listening on port 8080 or configure this application to listen on another port.

